-bash-3.2$ ant test
Buildfile: build.xml

jflex-uptodate-check:

jflex-notice:

javacc-uptodate-check:

javacc-notice:

init:

clover.setup:

clover.info:
     [echo]
     [echo]       Clover not found. Code coverage reports disabled.
     [echo]

clover:

common.compile-core:

compile-core:

compile-test-framework:

compile-test:
    [javac] Compiling 1 source file to /export/home/tomcat/lucene/lucene_solr_3_5_0/lucene/build/classes/test
    [javac] warning: [options] bootstrap class path not set in conjunction with -source 1.5
    [javac] 1 warning

junit-mkdir:

junit-sequential:

junit-parallel:
    [junit] Testsuite: org.apache.lucene.analysis.TestCharArraySet
    [junit] Tests run: 18, Failures: 0, Errors: 0, Time elapsed: 1.276 sec
    [junit]
    [junit] Testsuite: org.apache.lucene.analysis.TestCharFilter
    [junit] Tests run: 4, Failures: 0, Errors: 0, Time elapsed: 0.061 sec
    [junit]
    [junit] Testsuite: org.apache.lucene.analysis.TestCharArrayMap
    [junit] Tests run: 4, Failures: 0, Errors: 0, Time elapsed: 1.535 sec
    [junit]
    [junit] Testsuite: org.apache.lucene.analysis.TestMappingCharFilter
    [junit] Tests run: 12, Failures: 0, Errors: 0, Time elapsed: 1.339 sec
    [junit]
    [junit] Testsuite: org.apache.lucene.analysis.TestASCIIFoldingFilter
    [junit] Tests run: 2, Failures: 0, Errors: 0, Time elapsed: 1.352 sec
    [junit]
    [junit] Testsuite: org.apache.lucene.TestAssertions
    [junit] Tests run: 1, Failures: 0, Errors: 0, Time elapsed: 1.262 sec
    [junit]
    [junit] Testsuite: org.apache.lucene.analysis.TestWordlistLoader
    [junit] Tests run: 3, Failures: 0, Errors: 0, Time elapsed: 0.124 sec
    [junit]
    [junit] Testsuite: org.apache.lucene.TestDemo
    [junit] Tests run: 1, Failures: 0, Errors: 0, Time elapsed: 2.439 sec
    [junit]
    [junit] Testsuite: org.apache.lucene.analysis.TestLengthFilter
    [junit] Tests run: 2, Failures: 0, Errors: 0, Time elapsed: 0.063 sec
    [junit]
    [junit] Testsuite: org.apache.lucene.analysis.TestCachingTokenFilter
    [junit] Tests run: 1, Failures: 0, Errors: 0, Time elapsed: 1.449 sec
    [junit]
    [junit] Testsuite: org.apache.lucene.analysis.TestCharTokenizers
    [junit] Tests run: 11, Failures: 0, Errors: 0, Time elapsed: 0.386 sec
    [junit]
    [junit] Testsuite: org.apache.lucene.analysis.TestNumericTokenStream
    [junit] Tests run: 3, Failures: 0, Errors: 0, Time elapsed: 0.082 sec
    [junit]
    [junit] Testsuite: org.apache.lucene.TestMergeSchedulerExternal
    [junit] Tests run: 2, Failures: 0, Errors: 0, Time elapsed: 3.527 sec
    [junit]
    [junit] Testsuite: org.apache.lucene.analysis.TestKeywordAnalyzer
    [junit] Tests run: 4, Failures: 0, Errors: 0, Time elapsed: 2.543 sec
    [junit]
    [junit] Testsuite: org.apache.lucene.analysis.TestStopFilter
    [junit] Tests run: 4, Failures: 0, Errors: 0, Time elapsed: 0.101 sec
    [junit]
    [junit] Testsuite: org.apache.lucene.analysis.TestClassicAnalyzer
    [junit] Tests run: 28, Failures: 0, Errors: 0, Time elapsed: 4.18 sec
    [junit]
    [junit] Testsuite: org.apache.lucene.analysis.TestPerFieldAnalzyerWrapper
    [junit] Testsuite: org.apache.lucene.TestSearch
    [junit] Tests run: 1, Failures: 0, Errors: 0, Time elapsed: 0.092 sec
    [junit]
    [junit] Tests run: 1, Failures: 0, Errors: 0, Time elapsed: 0.667 sec
    [junit]
    [junit] Testsuite: org.apache.lucene.document.TestNumberTools
    [junit] Tests run: 3, Failures: 0, Errors: 0, Time elapsed: 0.889 sec
    [junit]
    [junit] Testsuite: org.apache.lucene.analysis.TestPorterStemFilter
    [junit] Tests run: 3, Failures: 0, Errors: 0, Time elapsed: 3.024 sec
    [junit]
    [junit] Testsuite: org.apache.lucene.analysis.TestTeeSinkTokenFilter
    [junit] Tests run: 2, Failures: 0, Errors: 0, Time elapsed: 0.063 sec
    [junit]
    [junit] Testsuite: org.apache.lucene.TestSearchForDuplicates
    [junit] Tests run: 1, Failures: 0, Errors: 0, Time elapsed: 1.025 sec
    [junit]
    [junit] Testsuite: org.apache.lucene.index.TestCheckIndex
    [junit] Tests run: 2, Failures: 0, Errors: 0, Time elapsed: 0.505 sec
    [junit]
    [junit] Testsuite: org.apache.lucene.analysis.TestISOLatin1AccentFilter
    [junit] Tests run: 1, Failures: 0, Errors: 0, Time elapsed: 0.065 sec
    [junit]
    [junit] Testsuite: org.apache.lucene.index.TestIndexInput
    [junit] Tests run: 3, Failures: 0, Errors: 0, Time elapsed: 0.043 sec
    [junit]
    [junit] Testsuite: org.apache.lucene.analysis.TestStopAnalyzer
    [junit] Tests run: 3, Failures: 0, Errors: 0, Time elapsed: 0.069 sec
    [junit]
    [junit] Testsuite: org.apache.lucene.analysis.tokenattributes.TestSimpleAttributeImpls
    [junit] Tests run: 6, Failures: 0, Errors: 0, Time elapsed: 0.088 sec
    [junit]
    [junit] Testsuite: org.apache.lucene.analysis.tokenattributes.TestCharTermAttributeImpl
    [junit] Tests run: 12, Failures: 0, Errors: 0, Time elapsed: 4.707 sec
    [junit]
    [junit] Testsuite: org.apache.lucene.analysis.TestAnalyzers
    [junit] Tests run: 9, Failures: 0, Errors: 0, Time elapsed: 4.566 sec
    [junit]
    [junit] Testsuite: org.apache.lucene.analysis.TestKeywordMarkerFilter
    [junit] Tests run: 2, Failures: 0, Errors: 0, Time elapsed: 0.065 sec
    [junit]
    [junit] Testsuite: org.apache.lucene.analysis.TestMockAnalyzer
    [junit] Tests run: 6, Failures: 0, Errors: 0, Time elapsed: 0.384 sec
    [junit]
    [junit] Testsuite: org.apache.lucene.collation.TestCollationKeyFilter
    [junit] Tests run: 4, Failures: 0, Errors: 0, Time elapsed: 1.757 sec
    [junit]
    [junit] Testsuite: org.apache.lucene.analysis.TestStandardAnalyzer
    [junit] Tests run: 30, Failures: 0, Errors: 0, Time elapsed: 3.716 sec
    [junit]
    [junit] Testsuite: org.apache.lucene.analysis.tokenattributes.TestTermAttributeImpl
    [junit] Tests run: 7, Failures: 0, Errors: 0, Time elapsed: 6.596 sec
    [junit]
    [junit] Testsuite: org.apache.lucene.document.TestDocument
    [junit] Tests run: 7, Failures: 0, Errors: 0, Time elapsed: 1.409 sec
    [junit]
    [junit] Testsuite: org.apache.lucene.index.Test2BTerms
    [junit] Tests run: 0, Failures: 0, Errors: 0, Time elapsed: 0.036 sec
    [junit]
    [junit] ------------- Standard Error -----------------
    [junit] NOTE: Ignoring test method 'test2BTerms': Takes ~4 hours to run on a fast machine!!
    [junit] ------------- ---------------- ---------------
    [junit] Testsuite: org.apache.lucene.index.TestDirectoryReader
    [junit] Tests run: 4, Failures: 0, Errors: 0, Time elapsed: 5.177 sec
    [junit]
    [junit] Testsuite: org.apache.lucene.index.TestDoc
    [junit] Tests run: 1, Failures: 0, Errors: 0, Time elapsed: 0.63 sec
    [junit]
    [junit] Testsuite: org.apache.lucene.index.TestFieldInfos
    [junit] Tests run: 1, Failures: 0, Errors: 0, Time elapsed: 0.053 sec
    [junit]
    [junit] Testsuite: org.apache.lucene.index.TestFilterIndexReader
    [junit] Tests run: 1, Failures: 0, Errors: 0, Time elapsed: 0.109 sec
    [junit]
    [junit] Testsuite: org.apache.lucene.collation.TestCollationKeyAnalyzer
    [junit] Tests run: 5, Failures: 0, Errors: 0, Time elapsed: 2.409 sec
    [junit]
    [junit] Testsuite: org.apache.lucene.index.TestForTooMuchCloning
    [junit] Tests run: 1, Failures: 0, Errors: 0, Time elapsed: 2.027 sec
    [junit]
    [junit] Testsuite: org.apache.lucene.analysis.TestUAX29URLEmailTokenizer
    [junit] Tests run: 33, Failures: 0, Errors: 0, Time elapsed: 2.705 sec
    [junit]
    [junit] Testsuite: org.apache.lucene.index.TestAllZerosSegmentsFile
    [junit] Tests run: 1, Failures: 0, Errors: 0, Time elapsed: 0.204 sec
    [junit]
    [junit] Testsuite: org.apache.lucene.index.TestIndexCommit
    [junit] Tests run: 1, Failures: 0, Errors: 0, Time elapsed: 0.041 sec
    [junit]
    [junit] Testsuite: org.apache.lucene.document.TestDateTools
    [junit] Tests run: 5, Failures: 0, Errors: 0, Time elapsed: 0.121 sec
    [junit]
    [junit] Testsuite: org.apache.lucene.index.TestAtomicUpdate
    [junit] Tests run: 1, Failures: 0, Errors: 0, Time elapsed: 5.627 sec
    [junit]
    [junit] Testsuite: org.apache.lucene.analysis.TestToken
    [junit] Tests run: 10, Failures: 0, Errors: 0, Time elapsed: 6.348 sec
    [junit]
    [junit] Testsuite: org.apache.lucene.document.TestBinaryDocument
    [junit] Tests run: 2, Failures: 0, Errors: 0, Time elapsed: 0.112 sec
    [junit]
    [junit] Testsuite: org.apache.lucene.index.Test2BPostings
    [junit] Tests run: 0, Failures: 0, Errors: 0, Time elapsed: 0.04 sec
    [junit]
    [junit] ------------- Standard Error -----------------
    [junit] NOTE: Ignoring nightly-only test method 'test'
    [junit] ------------- ---------------- ---------------
    [junit] Testsuite: org.apache.lucene.index.TestIndexReaderCloneNorms
    [junit] Tests run: 3, Failures: 0, Errors: 0, Time elapsed: 2.093 sec
    [junit]
    [junit] #
    [junit] # A fatal error has been detected by the Java Runtime Environment:
    [junit] #
    [junit] #  SIGSEGV (0xb) at pc=0xfbd22ab4, pid=14898, tid=2
    [junit] #
    [junit] # JRE version: Java(TM) SE Runtime Environment (7.0_75-b13) (build 1.7.0_75-b13)
    [junit] # Java VM: Java HotSpot(TM) Server VM (24.75-b04 mixed mode solaris-sparc )
    [junit] # Problematic frame:
    [junit] # J 371 C2 org.apache.lucene.index.IndexFileNames.segmentFileName(Ljava/lang/String;Ljava/lang/String;)Ljava/lang/String; (44 bytes) @ 0xfbd22ab4 [0xfbd22aa0+0x14]
    [junit] #
    [junit] # Core dump written. Default location: /export/home/tomcat/lucene/lucene_solr_3_5_0/lucene/build/test/8/core or core.14898
    [junit] #
    [junit] # An error report file with more information is saved as:
    [junit] # /export/home/tomcat/lucene/lucene_solr_3_5_0/lucene/build/test/8/hs_err_pid14898.log
    [junit] Testsuite: org.apache.lucene.index.TestFieldsReader
    [junit] Tests run: 9, Failures: 0, Errors: 0, Time elapsed: 7.138 sec
    [junit]
    [junit] Testsuite: org.apache.lucene.index.TestIndexWriterOnJRECrash
    [junit] Tests run: 1, Failures: 0, Errors: 0, Time elapsed: 12.576 sec
    [junit]
    [junit] Testsuite: org.apache.lucene.index.TestIndexWriterConfig
    [junit] Tests run: 7, Failures: 0, Errors: 0, Time elapsed: 0.072 sec
    [junit]
    [junit] Testsuite: org.apache.lucene.index.TestByteSlices
    [junit] Tests run: 1, Failures: 0, Errors: 0, Time elapsed: 7.407 sec
    [junit]
    [junit] Testsuite: org.apache.lucene.index.TestIndexReaderOnDiskFull
    [junit] Tests run: 1, Failures: 0, Errors: 0, Time elapsed: 6.508 sec
    [junit]
    [junit] Testsuite: org.apache.lucene.index.TestDeletionPolicy
    [junit] Tests run: 7, Failures: 0, Errors: 0, Time elapsed: 9.19 sec
    [junit]
    [junit] Testsuite: org.apache.lucene.index.TestIndexReaderClone
    [junit] Tests run: 20, Failures: 0, Errors: 0, Time elapsed: 11.304 sec
    [junit]
    [junit] #
    [junit] # A fatal error has been detected by the Java Runtime Environment:
    [junit] #
    [junit] #  SIGSEGV (0xb) at pc=0xfbd33bf4, pid=14904, tid=2
    [junit] #
    [junit] # JRE version: Java(TM) SE Runtime Environment (7.0_75-b13) (build 1.7.0_75-b13)
    [junit] # Java VM: Java HotSpot(TM) Server VM (24.75-b04 mixed mode solaris-sparc )
    [junit] # Problematic frame:
    [junit] # J 397 C2 org.apache.lucene.index.IndexFileNames.segmentFileName(Ljava/lang/String;Ljava/lang/String;)Ljava/lang/String; (44 bytes) @ 0xfbd33bf4 [0xfbd33be0+0x14]
    [junit] #
    [junit] # Core dump written. Default location: /export/home/tomcat/lucene/lucene_solr_3_5_0/lucene/build/test/3/core or core.14904
    [junit] #
    [junit] # An error report file with more information is saved as:
    [junit] # /export/home/tomcat/lucene/lucene_solr_3_5_0/lucene/build/test/3/hs_err_pid14904.log
    [junit] Testsuite: org.apache.lucene.index.TestForceMergeForever
    [junit] Tests run: 1, Failures: 0, Errors: 0, Time elapsed: 1.808 sec
    [junit]
    [junit] #
    [junit] #
    [junit] # If you would like to submit a bug report, please visit:
    [junit] # If you would like to submit a bug report, please visit:
    [junit] #   http://bugreport.sun.com/bugreport/crash.jsp
    [junit] #   http://bugreport.sun.com/bugreport/crash.jsp
    [junit] #
    [junit] #
    [junit] Testsuite: org.apache.lucene.index.TestCrash
    [junit] Tests run: 7, Failures: 0, Errors: 0, Time elapsed: 4.565 sec
    [junit]
    [junit] Testsuite: org.apache.lucene.index.TestDocumentWriter
    [junit] Tests run: 7, Failures: 0, Errors: 0, Time elapsed: 1.921 sec
    [junit]
    [junit] #
    [junit] # A fatal error has been detected by the Java Runtime Environment:
    [junit] #
    [junit] #  SIGSEGV (0xb) at pc=0xfbcbb734, pid=14903, tid=2
    [junit] #
    [junit] # JRE version: Java(TM) SE Runtime Environment (7.0_75-b13) (build 1.7.0_75-b13)
    [junit] # Java VM: Java HotSpot(TM) Server VM (24.75-b04 mixed mode solaris-sparc )
    [junit] # Problematic frame:
    [junit] # J 242 C2 org.apache.lucene.index.IndexFileNames.segmentFileName(Ljava/lang/String;Ljava/lang/String;)Ljava/lang/String; (44 bytes) @ 0xfbcbb734 [0xfbcbb720+0x14]
    [junit] #
    [junit] # Core dump written. Default location: /export/home/tomcat/lucene/lucene_solr_3_5_0/lucene/build/test/2/core or core.14903
    [junit] #
    [junit] # An error report file with more information is saved as:
    [junit] # /export/home/tomcat/lucene/lucene_solr_3_5_0/lucene/build/test/2/hs_err_pid14903.log
    [junit] #
    [junit] # If you would like to submit a bug report, please visit:
    [junit] #   http://bugreport.sun.com/bugreport/crash.jsp
    [junit] #
    [junit] Testsuite: org.apache.lucene.index.TestIndexWriterMergePolicy
    [junit] Tests run: 6, Failures: 0, Errors: 0, Time elapsed: 11.516 sec
    [junit]
    [junit] #
    [junit] # A fatal error has been detected by the Java Runtime Environment:
    [junit] #
    [junit] #  SIGSEGV (0xb) at pc=0xfbcc9234, pid=14900, tid=2
    [junit] #
    [junit] # JRE version: Java(TM) SE Runtime Environment (7.0_75-b13) (build 1.7.0_75-b13)
    [junit] # Java VM: Java HotSpot(TM) Server VM (24.75-b04 mixed mode solaris-sparc )
    [junit] # Problematic frame:
    [junit] # J 522 C2 org.apache.lucene.index.IndexFileNames.segmentFileName(Ljava/lang/String;Ljava/lang/String;)Ljava/lang/String; (44 bytes) @ 0xfbcc9234 [0xfbcc9220+0x14]
    [junit] #
    [junit] # Core dump written. Default location: /export/home/tomcat/lucene/lucene_solr_3_5_0/lucene/build/test/4/core or core.14900
    [junit] #
    [junit] # An error report file with more information is saved as:
    [junit] # /export/home/tomcat/lucene/lucene_solr_3_5_0/lucene/build/test/4/hs_err_pid14900.log
    [junit] Testsuite: org.apache.lucene.index.TestIndexReaderReopen
    [junit] Tests run: 16, Failures: 0, Errors: 0, Time elapsed: 15.949 sec
    [junit]
    [junit] #
    [junit] # If you would like to submit a bug report, please visit:
    [junit] #   http://bugreport.sun.com/bugreport/crash.jsp
    [junit] #
    [junit] Testsuite: org.apache.lucene.index.TestIndexReader
    [junit] Tests run: 32, Failures: 0, Errors: 0, Time elapsed: 22.622 sec
    [junit]
    [junit] Testsuite: org.apache.lucene.index.TestIndexReaderDelete
    [junit] Tests run: 10, Failures: 0, Errors: 0, Time elapsed: 0.421 sec
    [junit]
    [junit] Testsuite: org.apache.lucene.index.TestIndexWriterReader
    [junit] Tests run: 20, Failures: 0, Errors: 0, Time elapsed: 30.043 sec
    [junit]
    [junit] Testsuite: org.apache.lucene.index.TestIndexWriterMerging
    [junit] Tests run: 5, Failures: 0, Errors: 0, Time elapsed: 4.911 sec
    [junit]
    [junit] Testsuite: org.apache.lucene.index.TestMultiLevelSkipList
    [junit] Tests run: 1, Failures: 0, Errors: 0, Time elapsed: 1.06 sec
    [junit]
    [junit] Testsuite: org.apache.lucene.index.TestNoMergePolicy
    [junit] Tests run: 4, Failures: 0, Errors: 0, Time elapsed: 0.148 sec
    [junit]
    [junit] Testsuite: org.apache.lucene.index.TestCompoundFile
    [junit] Tests run: 12, Failures: 0, Errors: 0, Time elapsed: 37.757 sec
    [junit]
    [junit] Testsuite: org.apache.lucene.index.TestConcurrentMergeScheduler
    [junit] Tests run: 4, Failures: 0, Errors: 0, Time elapsed: 3.585 sec
    [junit]
    [junit] Testsuite: org.apache.lucene.index.TestOmitPositions
    [junit] Tests run: 3, Failures: 0, Errors: 0, Time elapsed: 0.239 sec
    [junit]
    [junit] Testsuite: org.apache.lucene.index.TestIndexWriterNRTIsCurrent
    [junit] Tests run: 1, Failures: 0, Errors: 0, Time elapsed: 2.242 sec
    [junit]
    [junit] Testsuite: org.apache.lucene.index.TestIsCurrent
    [junit] Tests run: 2, Failures: 0, Errors: 0, Time elapsed: 0.057 sec
    [junit]
    [junit] Testsuite: org.apache.lucene.index.TestIndexFileDeleter
    [junit] Tests run: 1, Failures: 0, Errors: 0, Time elapsed: 0.139 sec
    [junit]
    [junit] Testsuite: org.apache.lucene.index.TestOmitTf
    [junit] Tests run: 5, Failures: 0, Errors: 0, Time elapsed: 0.751 sec
    [junit]
    [junit] Testsuite: org.apache.lucene.index.TestParallelReader
    [junit] Tests run: 6, Failures: 0, Errors: 0, Time elapsed: 0.885 sec
    [junit]
    [junit] Testsuite: org.apache.lucene.index.TestIndexWriterExceptions
    [junit] Tests run: 20, Failures: 0, Errors: 0, Time elapsed: 5.561 sec
    [junit]
    [junit] Testsuite: org.apache.lucene.index.TestPayloadProcessorProvider
    [junit] Tests run: 3, Failures: 0, Errors: 0, Time elapsed: 0.69 sec
    [junit]
    [junit] Testsuite: org.apache.lucene.index.TestMaxTermFrequency
    [junit] Tests run: 1, Failures: 0, Errors: 0, Time elapsed: 0.432 sec
    [junit]
    [junit] Testsuite: org.apache.lucene.index.TestParallelReaderEmptyIndex
    [junit] Tests run: 2, Failures: 0, Errors: 0, Time elapsed: 0.147 sec
    [junit]
    [junit] Testsuite: org.apache.lucene.index.TestSnapshotDeletionPolicy
    [junit] Tests run: 8, Failures: 0, Errors: 0, Time elapsed: 3.821 sec
    [junit]
    [junit] Testsuite: org.apache.lucene.index.TestSegmentMerger
    [junit] Tests run: 3, Failures: 0, Errors: 0, Time elapsed: 11.819 sec
    [junit]
    [junit] Testsuite: org.apache.lucene.index.TestPayloads
    [junit] Tests run: 5, Failures: 0, Errors: 0, Time elapsed: 6.833 sec
    [junit]
    [junit] Testsuite: org.apache.lucene.index.TestStressIndexing
    [junit] Tests run: 1, Failures: 0, Errors: 0, Time elapsed: 1.527 sec
    [junit]
    [junit] Testsuite: org.apache.lucene.index.TestSegmentTermDocs
    [junit] Tests run: 5, Failures: 0, Errors: 0, Time elapsed: 2.627 sec
    [junit]
    [junit] Testsuite: org.apache.lucene.index.TestTieredMergePolicy
    [junit] Tests run: 3, Failures: 0, Errors: 0, Time elapsed: 4.057 sec
    [junit]
    [junit] Testsuite: org.apache.lucene.index.TestRollingUpdates
    [junit] Tests run: 2, Failures: 0, Errors: 0, Time elapsed: 3.075 sec
    [junit]
    [junit] Testsuite: org.apache.lucene.search.TestDocBoost
    [junit] Tests run: 1, Failures: 0, Errors: 0, Time elapsed: 0.067 sec
    [junit]
    [junit] Testsuite: org.apache.lucene.index.TestLongPostings
    [junit] Tests run: 2, Failures: 0, Errors: 0, Time elapsed: 27.739 sec
    [junit]
    [junit] Tests FAILED (crashed)
    [junit] Tests FAILED (crashed)
    [junit] Testsuite: org.apache.lucene.search.TestFieldCacheRangeFilter
    [junit] Tests run: 9, Failures: 0, Errors: 0, Time elapsed: 2.22 sec
    [junit]
    [junit] Testsuite: org.apache.lucene.index.TestSegmentReader
    [junit] Tests run: 7, Failures: 0, Errors: 0, Time elapsed: 2.808 sec
    [junit]
    [junit] Testsuite: org.apache.lucene.search.TestMultiValuedNumericRangeQuery
    [junit] Tests run: 1, Failures: 0, Errors: 0, Time elapsed: 2.202 sec
    [junit]
    [junit] Testsuite: org.apache.lucene.index.TestTermInfosReaderIndex
    [junit] Testsuite: org.apache.lucene.index.TestTermVectorsReader
    [junit] Tests run: 3, Failures: 0, Errors: 0, Time elapsed: 8.045 sec
    [junit] Tests run: 6, Failures: 0, Errors: 0, Time elapsed: 0.201 sec
    [junit]
    [junit]
    [junit] Testsuite: org.apache.lucene.index.TestTermVectorsWriter
    [junit] Tests run: 14, Failures: 0, Errors: 0, Time elapsed: 0.505 sec
    [junit]
    [junit] Testsuite: org.apache.lucene.search.TestCachingCollector
    [junit] Tests run: 5, Failures: 0, Errors: 0, Time elapsed: 0.069 sec
    [junit]
    [junit] Testsuite: org.apache.lucene.index.TestMultiReader
    [junit] Tests run: 4, Failures: 0, Errors: 0, Time elapsed: 3.834 sec
    [junit]
    [junit] Testsuite: org.apache.lucene.index.TestThreadedForceMerge
    [junit] Tests run: 1, Failures: 0, Errors: 0, Time elapsed: 1.529 sec
    [junit]
    [junit] Testsuite: org.apache.lucene.search.TestCachingSpanFilter
    [junit] Tests run: 1, Failures: 0, Errors: 0, Time elapsed: 0.198 sec
    [junit]
    [junit] Tests FAILED (crashed)
    [junit] Testsuite: org.apache.lucene.index.TestNRTReaderWithThreads
    [junit] Tests run: 1, Failures: 0, Errors: 0, Time elapsed: 1.28 sec
    [junit]
    [junit] Testsuite: org.apache.lucene.index.TestNewestSegment
    [junit] Tests run: 1, Failures: 0, Errors: 0, Time elapsed: 0.054 sec
    [junit]
    [junit] Testsuite: org.apache.lucene.index.TestUniqueTermCount
    [junit] Tests run: 1, Failures: 0, Errors: 0, Time elapsed: 0.073 sec
    [junit]
    [junit] Testsuite: org.apache.lucene.queryParser.TestMultiAnalyzer
    [junit] Tests run: 3, Failures: 0, Errors: 0, Time elapsed: 0.173 sec
    [junit]
    [junit] Tests FAILED (crashed)
    [junit] Testsuite: org.apache.lucene.search.TestDisjunctionMaxQuery
    [junit] Tests run: 10, Failures: 0, Errors: 0, Time elapsed: 4.417 sec
    [junit]
    [junit] Testsuite: org.apache.lucene.search.TestElevationComparator
    [junit] Tests run: 1, Failures: 0, Errors: 0, Time elapsed: 0.101 sec
    [junit]
    [junit] Testsuite: org.apache.lucene.search.TestPositionIncrement
    [junit] Tests run: 2, Failures: 0, Errors: 0, Time elapsed: 0.154 sec
    [junit]
    [junit] Testsuite: org.apache.lucene.search.TestPositiveScoresOnlyCollector
    [junit] Tests run: 1, Failures: 0, Errors: 0, Time elapsed: 0.029 sec
    [junit]
    [junit] Testsuite: org.apache.lucene.search.TestPrefixQuery
    [junit] Tests run: 1, Failures: 0, Errors: 0, Time elapsed: 0.039 sec
    [junit]
    [junit] Testsuite: org.apache.lucene.search.TestSpanQueryFilter
    [junit] Tests run: 1, Failures: 0, Errors: 0, Time elapsed: 0.103 sec
    [junit]
    [junit] Testsuite: org.apache.lucene.search.TestSubScorerFreqs
    [junit] Tests run: 3, Failures: 0, Errors: 0, Time elapsed: 0.065 sec
    [junit]
    [junit] Testsuite: org.apache.lucene.search.TestWildcard
    [junit] Tests run: 8, Failures: 0, Errors: 0, Time elapsed: 0.168 sec
    [junit]
    [junit] Testsuite: org.apache.lucene.search.TestWildcardRandom
    [junit] Tests run: 1, Failures: 0, Errors: 0, Time elapsed: 0.425 sec
    [junit]
    [junit] Testsuite: org.apache.lucene.search.spans.TestSpansAdvanced2
    [junit] Tests run: 4, Failures: 0, Errors: 0, Time elapsed: 1.333 sec
    [junit]
    [junit] Testsuite: org.apache.lucene.search.TestBoolean2
    [junit] Tests run: 11, Failures: 0, Errors: 0, Time elapsed: 9.723 sec
    [junit]
    [junit] Testsuite: org.apache.lucene.search.TestBooleanScorer
    [junit] Tests run: 3, Failures: 0, Errors: 0, Time elapsed: 0.065 sec
    [junit]
    [junit] Testsuite: org.apache.lucene.search.TestDateSort
    [junit] Tests run: 1, Failures: 0, Errors: 0, Time elapsed: 0.05 sec
    [junit]
    [junit] Testsuite: org.apache.lucene.search.TestFilteredSearch
    [junit] Tests run: 1, Failures: 0, Errors: 0, Time elapsed: 0.114 sec
    [junit]
    [junit] Testsuite: org.apache.lucene.search.TestNGramPhraseQuery
    [junit] Tests run: 1, Failures: 0, Errors: 0, Time elapsed: 0.03 sec
    [junit]
    [junit] Testsuite: org.apache.lucene.search.TestScorerPerf
    [junit] Tests run: 1, Failures: 0, Errors: 0, Time elapsed: 1.298 sec
    [junit]
    [junit] Testsuite: org.apache.lucene.search.TestSearchAfter
    [junit] Tests run: 1, Failures: 0, Errors: 0, Time elapsed: 0.072 sec
    [junit]
    [junit] Testsuite: org.apache.lucene.search.TestTermRangeQuery
    [junit] Tests run: 10, Failures: 0, Errors: 0, Time elapsed: 0.625 sec
    [junit]
    [junit] Testsuite: org.apache.lucene.store.TestMultiMMap
    [junit] Tests run: 4, Failures: 0, Errors: 0, Time elapsed: 6.794 sec
    [junit]
    [junit] Testsuite: org.apache.lucene.util.TestBitVector
    [junit] Tests run: 6, Failures: 0, Errors: 0, Time elapsed: 1.12 sec
    [junit]
    [junit] Testsuite: org.apache.lucene.search.TestNumericRangeQuery64
    [junit] Tests run: 34, Failures: 0, Errors: 0, Time elapsed: 18.222 sec
    [junit]
    [junit] Testsuite: org.apache.lucene.util.TestFieldCacheSanityChecker
    [junit] Tests run: 4, Failures: 0, Errors: 0, Time elapsed: 1.584 sec
    [junit]
    [junit] Testsuite: org.apache.lucene.search.TestComplexExplanations
    [junit] Tests run: 22, Failures: 0, Errors: 0, Time elapsed: 19.069 sec
    [junit]
    [junit] Testsuite: org.apache.lucene.search.TestConstantScoreQuery
    [junit] Tests run: 2, Failures: 0, Errors: 0, Time elapsed: 0.042 sec
    [junit]
    [junit] Testsuite: org.apache.lucene.util.TestNumericUtils
    [junit] Tests run: 12, Failures: 0, Errors: 0, Time elapsed: 1.992 sec
    [junit]
    [junit] Testsuite: org.apache.lucene.util.TestPriorityQueue
    [junit] Tests run: 4, Failures: 0, Errors: 0, Time elapsed: 0.051 sec
    [junit]
    [junit] Testsuite: org.apache.lucene.search.TestTopDocsMerge
    [junit] Tests run: 1, Failures: 0, Errors: 0, Time elapsed: 5.634 sec
    [junit]
    [junit] Testsuite: org.apache.lucene.search.spans.TestSpanMultiTermQueryWrapper
    [junit] Tests run: 4, Failures: 0, Errors: 0, Time elapsed: 0.103 sec
    [junit]
    [junit] Testsuite: org.apache.lucene.search.TestCustomSearcherSort
    [junit] Tests run: 3, Failures: 0, Errors: 0, Time elapsed: 3.389 sec
    [junit]
    [junit] Testsuite: org.apache.lucene.search.TestDateFilter
    [junit] Tests run: 2, Failures: 0, Errors: 0, Time elapsed: 0.055 sec
    [junit]
    [junit] Testsuite: org.apache.lucene.search.spans.TestSpans
    [junit] Tests run: 25, Failures: 0, Errors: 0, Time elapsed: 3.348 sec
    [junit]
    [junit] Testsuite: org.apache.lucene.store.TestDirectory
    [junit] Tests run: 7, Failures: 0, Errors: 0, Time elapsed: 0.052 sec
    [junit]
    [junit] Testsuite: org.apache.lucene.util.TestIOUtils
    [junit] Tests run: 1, Failures: 0, Errors: 0, Time elapsed: 0.03 sec
    [junit]
    [junit] Testsuite: org.apache.lucene.util.TestSmallFloat
    [junit] Tests run: 2, Failures: 0, Errors: 0, Time elapsed: 0.079 sec
    [junit]
    [junit] Testsuite: org.apache.lucene.util.TestTwoPhaseCommitTool
    [junit] Tests run: 4, Failures: 0, Errors: 0, Time elapsed: 0.04 sec
    [junit]
    [junit] Testsuite: org.apache.lucene.util.TestVersionComparator
    [junit] Tests run: 1, Failures: 0, Errors: 0, Time elapsed: 0.013 sec
    [junit]
    [junit] Testsuite: org.apache.lucene.search.TestMultiTermConstantScore
    [junit] Tests run: 12, Failures: 0, Errors: 0, Time elapsed: 1.363 sec
    [junit]
    [junit] Testsuite: org.apache.lucene.search.TestPhrasePrefixQuery
    [junit] Tests run: 1, Failures: 0, Errors: 0, Time elapsed: 0.038 sec
    [junit]
    [junit] Testsuite: org.apache.lucene.search.TestPrefixFilter
    [junit] Tests run: 1, Failures: 0, Errors: 0, Time elapsed: 0.04 sec
    [junit]
    [junit] Testsuite: org.apache.lucene.search.TestQueryWrapperFilter
    [junit] Tests run: 4, Failures: 0, Errors: 0, Time elapsed: 0.252 sec
    [junit]
    [junit] Testsuite: org.apache.lucene.search.TestScoreCachingWrappingScorer
    [junit] Tests run: 1, Failures: 0, Errors: 0, Time elapsed: 0.016 sec
    [junit]
    [junit] Testsuite: org.apache.lucene.search.TestTopDocsCollector
    [junit] Tests run: 8, Failures: 0, Errors: 0, Time elapsed: 0.087 sec
    [junit]
    [junit] Testsuite: org.apache.lucene.search.TestPhraseQuery
    [junit] Tests run: 17, Failures: 0, Errors: 0, Time elapsed: 7.784 sec
    [junit]
    [junit] Testsuite: org.apache.lucene.search.TestSearchWithThreads
    [junit] Tests run: 1, Failures: 0, Errors: 0, Time elapsed: 1.897 sec
    [junit]
    [junit] Testsuite: org.apache.lucene.search.TestSetNorm
    [junit] Tests run: 1, Failures: 0, Errors: 0, Time elapsed: 0.04 sec
    [junit]
    [junit] Testsuite: org.apache.lucene.search.TestSimilarity
    [junit] Tests run: 1, Failures: 0, Errors: 0, Time elapsed: 0.035 sec
    [junit]
    [junit] Testsuite: org.apache.lucene.search.TestTermRangeFilter
    [junit] Tests run: 7, Failures: 0, Errors: 0, Time elapsed: 0.484 sec
    [junit]
    [junit] Testsuite: org.apache.lucene.search.function.TestDocValues
    [junit] Tests run: 3, Failures: 0, Errors: 0, Time elapsed: 0.02 sec
    [junit]
    [junit] Testsuite: org.apache.lucene.search.payloads.TestPayloadNearQuery
    [junit] Tests run: 7, Failures: 0, Errors: 0, Time elapsed: 0.598 sec
    [junit]
    [junit] Testsuite: org.apache.lucene.search.spans.TestSpanExplanations
    [junit] Tests run: 31, Failures: 0, Errors: 0, Time elapsed: 9.399 sec
    [junit]
    [junit] Testsuite: org.apache.lucene.store.TestCopyBytes
    [junit] Tests run: 2, Failures: 0, Errors: 0, Time elapsed: 0.396 sec
    [junit]
    [junit] Testsuite: org.apache.lucene.store.TestLock
    [junit] Tests run: 1, Failures: 0, Errors: 0, Time elapsed: 0.027 sec
    [junit]
    [junit] Testsuite: org.apache.lucene.util.TestByteBlockPool
    [junit] Tests run: 1, Failures: 0, Errors: 0, Time elapsed: 0.015 sec
    [junit]
    [junit] Testsuite: org.apache.lucene.util.TestBytesRefHash
    [junit] Tests run: 7, Failures: 0, Errors: 0, Time elapsed: 0.244 sec
    [junit]
    [junit] Testsuite: org.apache.lucene.util.TestCharsRef
    [junit] Tests run: 3, Failures: 0, Errors: 0, Time elapsed: 0.06 sec
    [junit]
    [junit] Testsuite: org.apache.lucene.search.spans.TestBasics
    [junit] Tests run: 24, Failures: 0, Errors: 0, Time elapsed: 15.381 sec
    [junit]
    [junit] Testsuite: org.apache.lucene.store.TestByteArrayDataInput
    [junit] Tests run: 1, Failures: 0, Errors: 0, Time elapsed: 0.018 sec
    [junit]
    [junit] Testsuite: org.apache.lucene.store.TestFileSwitchDirectory
    [junit] Tests run: 3, Failures: 0, Errors: 0, Time elapsed: 0.06 sec
    [junit]
    [junit] Testsuite: org.apache.lucene.util.TestSetOnce
    [junit] Tests run: 4, Failures: 0, Errors: 0, Time elapsed: 0.041 sec
    [junit]
    [junit] Testsuite: org.apache.lucene.util.TestSortedVIntList
    [junit] Tests run: 19, Failures: 0, Errors: 0, Time elapsed: 0.063 sec
    [junit]
    [junit] Testsuite: org.apache.lucene.util.TestVirtualMethod
    [junit] Tests run: 2, Failures: 0, Errors: 0, Time elapsed: 0.029 sec
    [junit]
    [junit] Testsuite: org.apache.lucene.util.TestCollectionUtil
    [junit] Tests run: 5, Failures: 0, Errors: 0, Time elapsed: 3.241 sec
    [junit]
    [junit] Testsuite: org.apache.lucene.util.fst.TestFSTs
    [junit] Tests run: 9, Failures: 0, Errors: 0, Time elapsed: 11.887 sec
    [junit]
    [junit] ------------- Standard Error -----------------
    [junit] NOTE: Ignoring nightly-only test method 'testBigSet'
    [junit] ------------- ---------------- ---------------

BUILD FAILED
/export/home/tomcat/lucene/lucene_solr_3_5_0/lucene/common-build.xml:635:
The following error occurred while executing this line:
/export/home/tomcat/lucene/lucene_solr_3_5_0/lucene/common-build.xml:619: Tests failed!
The following error occurred while executing this line:
/export/home/tomcat/lucene/lucene_solr_3_5_0/lucene/common-build.xml:619: Tests failed!
The following error occurred while executing this line:
/export/home/tomcat/lucene/lucene_solr_3_5_0/lucene/common-build.xml:619: Tests failed!
The following error occurred while executing this line:
/export/home/tomcat/lucene/lucene_solr_3_5_0/lucene/common-build.xml:619: Tests failed!
The following error occurred while executing this line:
/export/home/tomcat/lucene/lucene_solr_3_5_0/lucene/common-build.xml:619: Tests failed!
The following error occurred while executing this line:
/export/home/tomcat/lucene/lucene_solr_3_5_0/lucene/common-build.xml:619: Tests failed!
The following error occurred while executing this line:
/export/home/tomcat/lucene/lucene_solr_3_5_0/lucene/common-build.xml:619: Tests failed!
The following error occurred while executing this line:
/export/home/tomcat/lucene/lucene_solr_3_5_0/lucene/common-build.xml:619: Tests failed!

Total time: 2 minutes 18 seconds